[0.211s] DEBUG:colcon:Command line arguments: ['/usr/bin/colcon', 'build']
[0.211s] DEBUG:colcon:Parsed command line arguments: Namespace(allow_overriding=[], ament_cmake_args=None, base_paths=['.'], build_base='build', catkin_cmake_args=None, catkin_skip_building_tests=False, cmake_args=None, cmake_clean_cache=False, cmake_clean_first=False, cmake_force_configure=False, cmake_target=None, cmake_target_skip_unavailable=False, continue_on_error=False, event_handlers=None, executor='parallel', ignore_user_meta=False, install_base='install', log_base=None, log_level=None, main=<bound method BuildVerb.main of <colcon_core.verb.build.BuildVerb object at 0x7fe8f8377be0>>, merge_install=False, metas=['./colcon.meta'], mixin=None, mixin_files=None, mixin_verb=('build',), packages_above=None, packages_above_and_dependencies=None, packages_above_depth=None, packages_end=None, packages_ignore=None, packages_ignore_regex=None, packages_select=None, packages_select_build_failed=False, packages_select_by_dep=None, packages_select_regex=None, packages_select_test_failures=False, packages_skip=None, packages_skip_build_finished=False, packages_skip_by_dep=None, packages_skip_regex=None, packages_skip_test_passed=False, packages_skip_up_to=None, packages_start=None, packages_up_to=None, packages_up_to_regex=None, parallel_workers=8, paths=None, symlink_install=False, test_result_base=None, verb_extension=<colcon_core.verb.build.BuildVerb object at 0x7fe8f8377be0>, verb_name='build', verb_parser=<colcon_mixin.mixin.mixin_argument.MixinArgumentDecorator object at 0x7fe8f83821f0>)
[0.217s] Level 1:colcon.colcon_core.package_discovery:discover_packages(colcon_meta) check parameters
[0.217s] Level 1:colcon.colcon_core.package_discovery:discover_packages(recursive) check parameters
[0.217s] Level 1:colcon.colcon_core.package_discovery:discover_packages(ignore) check parameters
[0.218s] Level 1:colcon.colcon_core.package_discovery:discover_packages(path) check parameters
[0.218s] Level 1:colcon.colcon_core.package_discovery:discover_packages(colcon_meta) discover
[0.218s] Level 1:colcon.colcon_core.package_discovery:discover_packages(recursive) discover
[0.218s] INFO:colcon.colcon_core.package_discovery:Crawling recursively for packages in '/home/jean-pascal/Turtlebot_GR4_2022'
[0.218s] Level 1:colcon.colcon_core.package_identification:_identify(.) by extensions ['ignore', 'ignore_ament_install']
[0.218s] Level 1:colcon.colcon_core.package_identification:_identify(.) by extension 'ignore'
[0.218s] Level 1:colcon.colcon_core.package_identification:_identify(.) by extension 'ignore_ament_install'
[0.218s] Level 1:colcon.colcon_core.package_identification:_identify(.) by extensions ['colcon_pkg']
[0.218s] Level 1:colcon.colcon_core.package_identification:_identify(.) by extension 'colcon_pkg'
[0.218s] Level 1:colcon.colcon_core.package_identification:_identify(.) by extensions ['colcon_meta']
[0.218s] Level 1:colcon.colcon_core.package_identification:_identify(.) by extension 'colcon_meta'
[0.218s] Level 1:colcon.colcon_core.package_identification:_identify(.) by extensions ['ros']
[0.218s] Level 1:colcon.colcon_core.package_identification:_identify(.) by extension 'ros'
[0.229s] Level 1:colcon.colcon_core.package_identification:_identify(.) by extensions ['cmake', 'python']
[0.229s] Level 1:colcon.colcon_core.package_identification:_identify(.) by extension 'cmake'
[0.229s] Level 1:colcon.colcon_core.package_identification:_identify(.) by extension 'python'
[0.229s] Level 1:colcon.colcon_core.package_identification:_identify(.) by extensions ['python_setup_py']
[0.229s] Level 1:colcon.colcon_core.package_identification:_identify(.) by extension 'python_setup_py'
[0.229s] Level 1:colcon.colcon_core.package_identification:_identify(WIP) by extensions ['ignore', 'ignore_ament_install']
[0.229s] Level 1:colcon.colcon_core.package_identification:_identify(WIP) by extension 'ignore'
[0.229s] Level 1:colcon.colcon_core.package_identification:_identify(WIP) by extension 'ignore_ament_install'
[0.230s] Level 1:colcon.colcon_core.package_identification:_identify(WIP) by extensions ['colcon_pkg']
[0.230s] Level 1:colcon.colcon_core.package_identification:_identify(WIP) by extension 'colcon_pkg'
[0.230s] Level 1:colcon.colcon_core.package_identification:_identify(WIP) by extensions ['colcon_meta']
[0.230s] Level 1:colcon.colcon_core.package_identification:_identify(WIP) by extension 'colcon_meta'
[0.230s] Level 1:colcon.colcon_core.package_identification:_identify(WIP) by extensions ['ros']
[0.230s] Level 1:colcon.colcon_core.package_identification:_identify(WIP) by extension 'ros'
[0.230s] Level 1:colcon.colcon_core.package_identification:_identify(WIP) by extensions ['cmake', 'python']
[0.230s] Level 1:colcon.colcon_core.package_identification:_identify(WIP) by extension 'cmake'
[0.230s] Level 1:colcon.colcon_core.package_identification:_identify(WIP) by extension 'python'
[0.230s] Level 1:colcon.colcon_core.package_identification:_identify(WIP) by extensions ['python_setup_py']
[0.230s] Level 1:colcon.colcon_core.package_identification:_identify(WIP) by extension 'python_setup_py'
[0.230s] Level 1:colcon.colcon_core.package_identification:_identify(WIP/foxy_nav2_navigator) by extensions ['ignore', 'ignore_ament_install']
[0.230s] Level 1:colcon.colcon_core.package_identification:_identify(WIP/foxy_nav2_navigator) by extension 'ignore'
[0.230s] Level 1:colcon.colcon_core.package_identification:_identify(WIP/foxy_nav2_navigator) by extension 'ignore_ament_install'
[0.230s] Level 1:colcon.colcon_core.package_identification:_identify(WIP/foxy_nav2_navigator) by extensions ['colcon_pkg']
[0.230s] Level 1:colcon.colcon_core.package_identification:_identify(WIP/foxy_nav2_navigator) by extension 'colcon_pkg'
[0.230s] Level 1:colcon.colcon_core.package_identification:_identify(WIP/foxy_nav2_navigator) by extensions ['colcon_meta']
[0.230s] Level 1:colcon.colcon_core.package_identification:_identify(WIP/foxy_nav2_navigator) by extension 'colcon_meta'
[0.230s] Level 1:colcon.colcon_core.package_identification:_identify(WIP/foxy_nav2_navigator) by extensions ['ros']
[0.230s] Level 1:colcon.colcon_core.package_identification:_identify(WIP/foxy_nav2_navigator) by extension 'ros'
[0.233s] DEBUG:colcon.colcon_core.package_identification:Package 'WIP/foxy_nav2_navigator' with type 'ros.ament_python' and name 'nav2_simple_commander'
[0.234s] Level 1:colcon.colcon_core.package_identification:_identify(build) by extensions ['ignore', 'ignore_ament_install']
[0.234s] Level 1:colcon.colcon_core.package_identification:_identify(build) by extension 'ignore'
[0.234s] Level 1:colcon.colcon_core.package_identification:_identify(build) ignored
[0.234s] Level 1:colcon.colcon_core.package_identification:_identify(dev_ws) by extensions ['ignore', 'ignore_ament_install']
[0.234s] Level 1:colcon.colcon_core.package_identification:_identify(dev_ws) by extension 'ignore'
[0.234s] Level 1:colcon.colcon_core.package_identification:_identify(dev_ws) by extension 'ignore_ament_install'
[0.234s] Level 1:colcon.colcon_core.package_identification:_identify(dev_ws) by extensions ['colcon_pkg']
[0.234s] Level 1:colcon.colcon_core.package_identification:_identify(dev_ws) by extension 'colcon_pkg'
[0.234s] Level 1:colcon.colcon_core.package_identification:_identify(dev_ws) by extensions ['colcon_meta']
[0.234s] Level 1:colcon.colcon_core.package_identification:_identify(dev_ws) by extension 'colcon_meta'
[0.234s] Level 1:colcon.colcon_core.package_identification:_identify(dev_ws) by extensions ['ros']
[0.234s] Level 1:colcon.colcon_core.package_identification:_identify(dev_ws) by extension 'ros'
[0.234s] Level 1:colcon.colcon_core.package_identification:_identify(dev_ws) by extensions ['cmake', 'python']
[0.234s] Level 1:colcon.colcon_core.package_identification:_identify(dev_ws) by extension 'cmake'
[0.234s] Level 1:colcon.colcon_core.package_identification:_identify(dev_ws) by extension 'python'
[0.234s] Level 1:colcon.colcon_core.package_identification:_identify(dev_ws) by extensions ['python_setup_py']
[0.234s] Level 1:colcon.colcon_core.package_identification:_identify(dev_ws) by extension 'python_setup_py'
[0.234s] Level 1:colcon.colcon_core.package_identification:_identify(dev_ws/build) by extensions ['ignore', 'ignore_ament_install']
[0.235s] Level 1:colcon.colcon_core.package_identification:_identify(dev_ws/build) by extension 'ignore'
[0.235s] Level 1:colcon.colcon_core.package_identification:_identify(dev_ws/build) ignored
[0.235s] Level 1:colcon.colcon_core.package_identification:_identify(dev_ws/install) by extensions ['ignore', 'ignore_ament_install']
[0.235s] Level 1:colcon.colcon_core.package_identification:_identify(dev_ws/install) by extension 'ignore'
[0.235s] Level 1:colcon.colcon_core.package_identification:_identify(dev_ws/install) ignored
[0.235s] Level 1:colcon.colcon_core.package_identification:_identify(dev_ws/log) by extensions ['ignore', 'ignore_ament_install']
[0.235s] Level 1:colcon.colcon_core.package_identification:_identify(dev_ws/log) by extension 'ignore'
[0.235s] Level 1:colcon.colcon_core.package_identification:_identify(dev_ws/log) ignored
[0.235s] Level 1:colcon.colcon_core.package_identification:_identify(dev_ws/src) by extensions ['ignore', 'ignore_ament_install']
[0.235s] Level 1:colcon.colcon_core.package_identification:_identify(dev_ws/src) by extension 'ignore'
[0.235s] Level 1:colcon.colcon_core.package_identification:_identify(dev_ws/src) by extension 'ignore_ament_install'
[0.235s] Level 1:colcon.colcon_core.package_identification:_identify(dev_ws/src) by extensions ['colcon_pkg']
[0.235s] Level 1:colcon.colcon_core.package_identification:_identify(dev_ws/src) by extension 'colcon_pkg'
[0.235s] Level 1:colcon.colcon_core.package_identification:_identify(dev_ws/src) by extensions ['colcon_meta']
[0.235s] Level 1:colcon.colcon_core.package_identification:_identify(dev_ws/src) by extension 'colcon_meta'
[0.235s] Level 1:colcon.colcon_core.package_identification:_identify(dev_ws/src) by extensions ['ros']
[0.235s] Level 1:colcon.colcon_core.package_identification:_identify(dev_ws/src) by extension 'ros'
[0.235s] Level 1:colcon.colcon_core.package_identification:_identify(dev_ws/src) by extensions ['cmake', 'python']
[0.235s] Level 1:colcon.colcon_core.package_identification:_identify(dev_ws/src) by extension 'cmake'
[0.235s] Level 1:colcon.colcon_core.package_identification:_identify(dev_ws/src) by extension 'python'
[0.236s] Level 1:colcon.colcon_core.package_identification:_identify(dev_ws/src) by extensions ['python_setup_py']
[0.236s] Level 1:colcon.colcon_core.package_identification:_identify(dev_ws/src) by extension 'python_setup_py'
[0.236s] Level 1:colcon.colcon_core.package_identification:_identify(dev_ws/src/py_pubsub) by extensions ['ignore', 'ignore_ament_install']
[0.236s] Level 1:colcon.colcon_core.package_identification:_identify(dev_ws/src/py_pubsub) by extension 'ignore'
[0.236s] Level 1:colcon.colcon_core.package_identification:_identify(dev_ws/src/py_pubsub) by extension 'ignore_ament_install'
[0.236s] Level 1:colcon.colcon_core.package_identification:_identify(dev_ws/src/py_pubsub) by extensions ['colcon_pkg']
[0.236s] Level 1:colcon.colcon_core.package_identification:_identify(dev_ws/src/py_pubsub) by extension 'colcon_pkg'
[0.236s] Level 1:colcon.colcon_core.package_identification:_identify(dev_ws/src/py_pubsub) by extensions ['colcon_meta']
[0.236s] Level 1:colcon.colcon_core.package_identification:_identify(dev_ws/src/py_pubsub) by extension 'colcon_meta'
[0.236s] Level 1:colcon.colcon_core.package_identification:_identify(dev_ws/src/py_pubsub) by extensions ['ros']
[0.236s] Level 1:colcon.colcon_core.package_identification:_identify(dev_ws/src/py_pubsub) by extension 'ros'
[0.237s] DEBUG:colcon.colcon_core.package_identification:Package 'dev_ws/src/py_pubsub' with type 'ros.ament_python' and name 'py_pubsub'
[0.237s] Level 1:colcon.colcon_core.package_identification:_identify(install) by extensions ['ignore', 'ignore_ament_install']
[0.237s] Level 1:colcon.colcon_core.package_identification:_identify(install) by extension 'ignore'
[0.237s] Level 1:colcon.colcon_core.package_identification:_identify(install) ignored
[0.237s] Level 1:colcon.colcon_core.package_identification:_identify(log) by extensions ['ignore', 'ignore_ament_install']
[0.237s] Level 1:colcon.colcon_core.package_identification:_identify(log) by extension 'ignore'
[0.237s] Level 1:colcon.colcon_core.package_identification:_identify(log) ignored
[0.237s] Level 1:colcon.colcon_core.package_discovery:discover_packages(recursive) using defaults
[0.237s] Level 1:colcon.colcon_core.package_discovery:discover_packages(ignore) discover
[0.237s] Level 1:colcon.colcon_core.package_discovery:discover_packages(ignore) using defaults
[0.237s] Level 1:colcon.colcon_core.package_discovery:discover_packages(path) discover
[0.237s] Level 1:colcon.colcon_core.package_discovery:discover_packages(path) using defaults
[0.258s] Level 5:colcon.colcon_core.verb:set package 'nav2_simple_commander' build argument 'cmake_args' from command line to 'None'
[0.258s] Level 5:colcon.colcon_core.verb:set package 'nav2_simple_commander' build argument 'cmake_target' from command line to 'None'
[0.258s] Level 5:colcon.colcon_core.verb:set package 'nav2_simple_commander' build argument 'cmake_target_skip_unavailable' from command line to 'False'
[0.258s] Level 5:colcon.colcon_core.verb:set package 'nav2_simple_commander' build argument 'cmake_clean_cache' from command line to 'False'
[0.258s] Level 5:colcon.colcon_core.verb:set package 'nav2_simple_commander' build argument 'cmake_clean_first' from command line to 'False'
[0.258s] Level 5:colcon.colcon_core.verb:set package 'nav2_simple_commander' build argument 'cmake_force_configure' from command line to 'False'
[0.258s] Level 5:colcon.colcon_core.verb:set package 'nav2_simple_commander' build argument 'ament_cmake_args' from command line to 'None'
[0.258s] Level 5:colcon.colcon_core.verb:set package 'nav2_simple_commander' build argument 'catkin_cmake_args' from command line to 'None'
[0.258s] Level 5:colcon.colcon_core.verb:set package 'nav2_simple_commander' build argument 'catkin_skip_building_tests' from command line to 'False'
[0.258s] DEBUG:colcon.colcon_core.verb:Building package 'nav2_simple_commander' with the following arguments: {'ament_cmake_args': None, 'build_base': '/home/jean-pascal/Turtlebot_GR4_2022/build/nav2_simple_commander', 'catkin_cmake_args': None, 'catkin_skip_building_tests': False, 'cmake_args': None, 'cmake_clean_cache': False, 'cmake_clean_first': False, 'cmake_force_configure': False, 'cmake_target': None, 'cmake_target_skip_unavailable': False, 'install_base': '/home/jean-pascal/Turtlebot_GR4_2022/install/nav2_simple_commander', 'merge_install': False, 'path': '/home/jean-pascal/Turtlebot_GR4_2022/WIP/foxy_nav2_navigator', 'symlink_install': False, 'test_result_base': None}
[0.259s] Level 5:colcon.colcon_core.verb:set package 'py_pubsub' build argument 'cmake_args' from command line to 'None'
[0.259s] Level 5:colcon.colcon_core.verb:set package 'py_pubsub' build argument 'cmake_target' from command line to 'None'
[0.259s] Level 5:colcon.colcon_core.verb:set package 'py_pubsub' build argument 'cmake_target_skip_unavailable' from command line to 'False'
[0.259s] Level 5:colcon.colcon_core.verb:set package 'py_pubsub' build argument 'cmake_clean_cache' from command line to 'False'
[0.259s] Level 5:colcon.colcon_core.verb:set package 'py_pubsub' build argument 'cmake_clean_first' from command line to 'False'
[0.259s] Level 5:colcon.colcon_core.verb:set package 'py_pubsub' build argument 'cmake_force_configure' from command line to 'False'
[0.259s] Level 5:colcon.colcon_core.verb:set package 'py_pubsub' build argument 'ament_cmake_args' from command line to 'None'
[0.259s] Level 5:colcon.colcon_core.verb:set package 'py_pubsub' build argument 'catkin_cmake_args' from command line to 'None'
[0.259s] Level 5:colcon.colcon_core.verb:set package 'py_pubsub' build argument 'catkin_skip_building_tests' from command line to 'False'
[0.259s] DEBUG:colcon.colcon_core.verb:Building package 'py_pubsub' with the following arguments: {'ament_cmake_args': None, 'build_base': '/home/jean-pascal/Turtlebot_GR4_2022/build/py_pubsub', 'catkin_cmake_args': None, 'catkin_skip_building_tests': False, 'cmake_args': None, 'cmake_clean_cache': False, 'cmake_clean_first': False, 'cmake_force_configure': False, 'cmake_target': None, 'cmake_target_skip_unavailable': False, 'install_base': '/home/jean-pascal/Turtlebot_GR4_2022/install/py_pubsub', 'merge_install': False, 'path': '/home/jean-pascal/Turtlebot_GR4_2022/dev_ws/src/py_pubsub', 'symlink_install': False, 'test_result_base': None}
[0.264s] INFO:colcon.colcon_core.executor:Executing jobs using 'parallel' executor
[0.266s] DEBUG:colcon.colcon_parallel_executor.executor.parallel:run_until_complete
[0.266s] INFO:colcon.colcon_ros.task.ament_python.build:Building ROS package in '/home/jean-pascal/Turtlebot_GR4_2022/WIP/foxy_nav2_navigator' with build type 'ament_python'
[0.266s] Level 1:colcon.colcon_core.shell:create_environment_hook('nav2_simple_commander', 'ament_prefix_path')
[0.271s] INFO:colcon.colcon_core.plugin_system:Skipping extension 'colcon_core.shell.bat': Not used on non-Windows systems
[0.271s] INFO:colcon.colcon_core.shell:Creating environment hook '/home/jean-pascal/Turtlebot_GR4_2022/install/nav2_simple_commander/share/nav2_simple_commander/hook/ament_prefix_path.ps1'
[0.272s] INFO:colcon.colcon_core.shell:Creating environment descriptor '/home/jean-pascal/Turtlebot_GR4_2022/install/nav2_simple_commander/share/nav2_simple_commander/hook/ament_prefix_path.dsv'
[0.272s] INFO:colcon.colcon_core.shell:Creating environment hook '/home/jean-pascal/Turtlebot_GR4_2022/install/nav2_simple_commander/share/nav2_simple_commander/hook/ament_prefix_path.sh'
[0.273s] INFO:colcon.colcon_core.shell:Skip shell extension 'powershell' for command environment: Not usable outside of PowerShell
[0.273s] DEBUG:colcon.colcon_core.shell:Skip shell extension 'dsv' for command environment
[0.278s] INFO:colcon.colcon_ros.task.ament_python.build:Building ROS package in '/home/jean-pascal/Turtlebot_GR4_2022/dev_ws/src/py_pubsub' with build type 'ament_python'
[0.278s] Level 1:colcon.colcon_core.shell:create_environment_hook('py_pubsub', 'ament_prefix_path')
[0.279s] INFO:colcon.colcon_core.shell:Creating environment hook '/home/jean-pascal/Turtlebot_GR4_2022/install/py_pubsub/share/py_pubsub/hook/ament_prefix_path.ps1'
[0.281s] INFO:colcon.colcon_core.shell:Creating environment descriptor '/home/jean-pascal/Turtlebot_GR4_2022/install/py_pubsub/share/py_pubsub/hook/ament_prefix_path.dsv'
[0.281s] INFO:colcon.colcon_core.shell:Creating environment hook '/home/jean-pascal/Turtlebot_GR4_2022/install/py_pubsub/share/py_pubsub/hook/ament_prefix_path.sh'
[0.282s] INFO:colcon.colcon_core.shell:Skip shell extension 'powershell' for command environment: Not usable outside of PowerShell
[0.282s] DEBUG:colcon.colcon_core.shell:Skip shell extension 'dsv' for command environment
[0.480s] INFO:colcon.colcon_core.task.python.build:Building Python package in '/home/jean-pascal/Turtlebot_GR4_2022/WIP/foxy_nav2_navigator'
[0.481s] INFO:colcon.colcon_core.shell:Skip shell extension 'powershell' for command environment: Not usable outside of PowerShell
[0.481s] DEBUG:colcon.colcon_core.shell:Skip shell extension 'dsv' for command environment
[0.672s] INFO:colcon.colcon_core.task.python.build:Building Python package in '/home/jean-pascal/Turtlebot_GR4_2022/dev_ws/src/py_pubsub'
[0.673s] INFO:colcon.colcon_core.shell:Skip shell extension 'powershell' for command environment: Not usable outside of PowerShell
[0.673s] DEBUG:colcon.colcon_core.shell:Skip shell extension 'dsv' for command environment
[1.103s] DEBUG:colcon.colcon_core.event_handler.log_command:Invoking command in '/home/jean-pascal/Turtlebot_GR4_2022/WIP/foxy_nav2_navigator': PYTHONPATH=/home/jean-pascal/Turtlebot_GR4_2022/install/nav2_simple_commander/lib/python3.8/site-packages:${PYTHONPATH} /usr/bin/python3 setup.py egg_info --egg-base ../../build/nav2_simple_commander build --build-base /home/jean-pascal/Turtlebot_GR4_2022/build/nav2_simple_commander/build install --prefix /home/jean-pascal/Turtlebot_GR4_2022/install/nav2_simple_commander --record /home/jean-pascal/Turtlebot_GR4_2022/build/nav2_simple_commander/install.log --single-version-externally-managed
[1.112s] DEBUG:colcon.colcon_core.event_handler.log_command:Invoking command in '/home/jean-pascal/Turtlebot_GR4_2022/dev_ws/src/py_pubsub': PYTHONPATH=/home/jean-pascal/Turtlebot_GR4_2022/install/py_pubsub/lib/python3.8/site-packages:${PYTHONPATH} /usr/bin/python3 setup.py egg_info --egg-base ../../../build/py_pubsub build --build-base /home/jean-pascal/Turtlebot_GR4_2022/build/py_pubsub/build install --prefix /home/jean-pascal/Turtlebot_GR4_2022/install/py_pubsub --record /home/jean-pascal/Turtlebot_GR4_2022/build/py_pubsub/install.log --single-version-externally-managed
[1.385s] DEBUG:colcon.colcon_core.event_handler.log_command:Invoked command in '/home/jean-pascal/Turtlebot_GR4_2022/dev_ws/src/py_pubsub' returned '0': PYTHONPATH=/home/jean-pascal/Turtlebot_GR4_2022/install/py_pubsub/lib/python3.8/site-packages:${PYTHONPATH} /usr/bin/python3 setup.py egg_info --egg-base ../../../build/py_pubsub build --build-base /home/jean-pascal/Turtlebot_GR4_2022/build/py_pubsub/build install --prefix /home/jean-pascal/Turtlebot_GR4_2022/install/py_pubsub --record /home/jean-pascal/Turtlebot_GR4_2022/build/py_pubsub/install.log --single-version-externally-managed
[1.391s] Level 1:colcon.colcon_core.environment:checking '/home/jean-pascal/Turtlebot_GR4_2022/install/py_pubsub' for CMake module files
[1.391s] Level 1:colcon.colcon_core.environment:checking '/home/jean-pascal/Turtlebot_GR4_2022/install/py_pubsub' for CMake config files
[1.392s] Level 1:colcon.colcon_core.environment:checking '/home/jean-pascal/Turtlebot_GR4_2022/install/py_pubsub/lib'
[1.392s] Level 1:colcon.colcon_core.environment:checking '/home/jean-pascal/Turtlebot_GR4_2022/install/py_pubsub/bin'
[1.392s] Level 1:colcon.colcon_core.environment:checking '/home/jean-pascal/Turtlebot_GR4_2022/install/py_pubsub/lib/pkgconfig/py_pubsub.pc'
[1.392s] Level 1:colcon.colcon_core.environment:checking '/home/jean-pascal/Turtlebot_GR4_2022/install/py_pubsub/lib/python3.8/site-packages'
[1.392s] Level 1:colcon.colcon_core.shell:create_environment_hook('py_pubsub', 'pythonpath')
[1.393s] INFO:colcon.colcon_core.shell:Creating environment hook '/home/jean-pascal/Turtlebot_GR4_2022/install/py_pubsub/share/py_pubsub/hook/pythonpath.ps1'
[1.393s] INFO:colcon.colcon_core.shell:Creating environment descriptor '/home/jean-pascal/Turtlebot_GR4_2022/install/py_pubsub/share/py_pubsub/hook/pythonpath.dsv'
[1.393s] INFO:colcon.colcon_core.shell:Creating environment hook '/home/jean-pascal/Turtlebot_GR4_2022/install/py_pubsub/share/py_pubsub/hook/pythonpath.sh'
[1.394s] Level 1:colcon.colcon_core.environment:create_environment_scripts_only(py_pubsub)
[1.394s] INFO:colcon.colcon_core.shell:Creating package script '/home/jean-pascal/Turtlebot_GR4_2022/install/py_pubsub/share/py_pubsub/package.ps1'
[1.395s] INFO:colcon.colcon_core.shell:Creating package descriptor '/home/jean-pascal/Turtlebot_GR4_2022/install/py_pubsub/share/py_pubsub/package.dsv'
[1.396s] INFO:colcon.colcon_core.shell:Creating package script '/home/jean-pascal/Turtlebot_GR4_2022/install/py_pubsub/share/py_pubsub/package.sh'
[1.397s] INFO:colcon.colcon_core.shell:Creating package script '/home/jean-pascal/Turtlebot_GR4_2022/install/py_pubsub/share/py_pubsub/package.bash'
[1.397s] INFO:colcon.colcon_core.shell:Creating package script '/home/jean-pascal/Turtlebot_GR4_2022/install/py_pubsub/share/py_pubsub/package.zsh'
[1.398s] Level 1:colcon.colcon_core.environment:create_file_with_runtime_dependencies(/home/jean-pascal/Turtlebot_GR4_2022/install/py_pubsub/share/colcon-core/packages/py_pubsub)
[1.399s] Level 1:colcon.colcon_core.environment:checking '/home/jean-pascal/Turtlebot_GR4_2022/install/nav2_simple_commander' for CMake module files
[1.400s] DEBUG:colcon.colcon_core.event_handler.log_command:Invoked command in '/home/jean-pascal/Turtlebot_GR4_2022/WIP/foxy_nav2_navigator' returned '0': PYTHONPATH=/home/jean-pascal/Turtlebot_GR4_2022/install/nav2_simple_commander/lib/python3.8/site-packages:${PYTHONPATH} /usr/bin/python3 setup.py egg_info --egg-base ../../build/nav2_simple_commander build --build-base /home/jean-pascal/Turtlebot_GR4_2022/build/nav2_simple_commander/build install --prefix /home/jean-pascal/Turtlebot_GR4_2022/install/nav2_simple_commander --record /home/jean-pascal/Turtlebot_GR4_2022/build/nav2_simple_commander/install.log --single-version-externally-managed
[1.400s] Level 1:colcon.colcon_core.environment:checking '/home/jean-pascal/Turtlebot_GR4_2022/install/nav2_simple_commander' for CMake config files
[1.401s] Level 1:colcon.colcon_core.environment:checking '/home/jean-pascal/Turtlebot_GR4_2022/install/nav2_simple_commander/lib'
[1.401s] Level 1:colcon.colcon_core.environment:checking '/home/jean-pascal/Turtlebot_GR4_2022/install/nav2_simple_commander/bin'
[1.401s] Level 1:colcon.colcon_core.environment:checking '/home/jean-pascal/Turtlebot_GR4_2022/install/nav2_simple_commander/lib/pkgconfig/nav2_simple_commander.pc'
[1.401s] Level 1:colcon.colcon_core.environment:checking '/home/jean-pascal/Turtlebot_GR4_2022/install/nav2_simple_commander/lib/python3.8/site-packages'
[1.401s] Level 1:colcon.colcon_core.shell:create_environment_hook('nav2_simple_commander', 'pythonpath')
[1.402s] INFO:colcon.colcon_core.shell:Creating environment hook '/home/jean-pascal/Turtlebot_GR4_2022/install/nav2_simple_commander/share/nav2_simple_commander/hook/pythonpath.ps1'
[1.402s] INFO:colcon.colcon_core.shell:Creating environment descriptor '/home/jean-pascal/Turtlebot_GR4_2022/install/nav2_simple_commander/share/nav2_simple_commander/hook/pythonpath.dsv'
[1.402s] INFO:colcon.colcon_core.shell:Creating environment hook '/home/jean-pascal/Turtlebot_GR4_2022/install/nav2_simple_commander/share/nav2_simple_commander/hook/pythonpath.sh'
[1.402s] Level 1:colcon.colcon_core.environment:create_environment_scripts_only(nav2_simple_commander)
[1.403s] INFO:colcon.colcon_core.shell:Creating package script '/home/jean-pascal/Turtlebot_GR4_2022/install/nav2_simple_commander/share/nav2_simple_commander/package.ps1'
[1.403s] INFO:colcon.colcon_core.shell:Creating package descriptor '/home/jean-pascal/Turtlebot_GR4_2022/install/nav2_simple_commander/share/nav2_simple_commander/package.dsv'
[1.404s] INFO:colcon.colcon_core.shell:Creating package script '/home/jean-pascal/Turtlebot_GR4_2022/install/nav2_simple_commander/share/nav2_simple_commander/package.sh'
[1.405s] INFO:colcon.colcon_core.shell:Creating package script '/home/jean-pascal/Turtlebot_GR4_2022/install/nav2_simple_commander/share/nav2_simple_commander/package.bash'
[1.405s] INFO:colcon.colcon_core.shell:Creating package script '/home/jean-pascal/Turtlebot_GR4_2022/install/nav2_simple_commander/share/nav2_simple_commander/package.zsh'
[1.405s] Level 1:colcon.colcon_core.environment:create_file_with_runtime_dependencies(/home/jean-pascal/Turtlebot_GR4_2022/install/nav2_simple_commander/share/colcon-core/packages/nav2_simple_commander)
[1.406s] DEBUG:colcon.colcon_parallel_executor.executor.parallel:closing loop
[1.406s] DEBUG:colcon.colcon_parallel_executor.executor.parallel:loop closed
[1.406s] DEBUG:colcon.colcon_parallel_executor.executor.parallel:run_until_complete finished with '0'
[1.406s] DEBUG:colcon.colcon_core.event_reactor:joining thread
[1.422s] INFO:colcon.colcon_core.plugin_system:Skipping extension 'colcon_notification.desktop_notification.terminal_notifier': Not used on non-Darwin systems
[1.422s] INFO:colcon.colcon_core.plugin_system:Skipping extension 'colcon_notification.desktop_notification.win32': Not used on non-Windows systems
[1.422s] INFO:colcon.colcon_notification.desktop_notification:Sending desktop notification using 'notify2'
[1.443s] DEBUG:colcon.colcon_core.event_reactor:joined thread
[1.444s] INFO:colcon.colcon_core.shell:Creating prefix script '/home/jean-pascal/Turtlebot_GR4_2022/install/local_setup.ps1'
[1.445s] INFO:colcon.colcon_core.shell:Creating prefix util module '/home/jean-pascal/Turtlebot_GR4_2022/install/_local_setup_util_ps1.py'
[1.447s] INFO:colcon.colcon_core.shell:Creating prefix chain script '/home/jean-pascal/Turtlebot_GR4_2022/install/setup.ps1'
[1.448s] INFO:colcon.colcon_core.shell:Creating prefix script '/home/jean-pascal/Turtlebot_GR4_2022/install/local_setup.sh'
[1.449s] INFO:colcon.colcon_core.shell:Creating prefix util module '/home/jean-pascal/Turtlebot_GR4_2022/install/_local_setup_util_sh.py'
[1.450s] INFO:colcon.colcon_core.shell:Creating prefix chain script '/home/jean-pascal/Turtlebot_GR4_2022/install/setup.sh'
[1.451s] INFO:colcon.colcon_core.shell:Creating prefix script '/home/jean-pascal/Turtlebot_GR4_2022/install/local_setup.bash'
[1.451s] INFO:colcon.colcon_core.shell:Creating prefix chain script '/home/jean-pascal/Turtlebot_GR4_2022/install/setup.bash'
[1.453s] INFO:colcon.colcon_core.shell:Creating prefix script '/home/jean-pascal/Turtlebot_GR4_2022/install/local_setup.zsh'
[1.453s] INFO:colcon.colcon_core.shell:Creating prefix chain script '/home/jean-pascal/Turtlebot_GR4_2022/install/setup.zsh'
