running egg_info
writing ../../../build/py_pubsub/py_pubsub.egg-info/PKG-INFO
writing dependency_links to ../../../build/py_pubsub/py_pubsub.egg-info/dependency_links.txt
writing entry points to ../../../build/py_pubsub/py_pubsub.egg-info/entry_points.txt
writing requirements to ../../../build/py_pubsub/py_pubsub.egg-info/requires.txt
writing top-level names to ../../../build/py_pubsub/py_pubsub.egg-info/top_level.txt
reading manifest file '../../../build/py_pubsub/py_pubsub.egg-info/SOURCES.txt'
writing manifest file '../../../build/py_pubsub/py_pubsub.egg-info/SOURCES.txt'
running build
running build_py
copying py_pubsub/working_on_foxy.py -> /home/jean-pascal/Turtlebot_GR4_2022/build/py_pubsub/build/lib/py_pubsub
copying py_pubsub/main_folow_me.py -> /home/jean-pascal/Turtlebot_GR4_2022/build/py_pubsub/build/lib/py_pubsub
running install
running install_lib
copying /home/jean-pascal/Turtlebot_GR4_2022/build/py_pubsub/build/lib/py_pubsub/working_on_foxy.py -> /home/jean-pascal/Turtlebot_GR4_2022/install/py_pubsub/lib/python3.8/site-packages/py_pubsub
copying /home/jean-pascal/Turtlebot_GR4_2022/build/py_pubsub/build/lib/py_pubsub/main_folow_me.py -> /home/jean-pascal/Turtlebot_GR4_2022/install/py_pubsub/lib/python3.8/site-packages/py_pubsub
byte-compiling /home/jean-pascal/Turtlebot_GR4_2022/install/py_pubsub/lib/python3.8/site-packages/py_pubsub/working_on_foxy.py to working_on_foxy.cpython-38.pyc
byte-compiling /home/jean-pascal/Turtlebot_GR4_2022/install/py_pubsub/lib/python3.8/site-packages/py_pubsub/main_folow_me.py to main_folow_me.cpython-38.pyc
running install_data
running install_egg_info
removing '/home/jean-pascal/Turtlebot_GR4_2022/install/py_pubsub/lib/python3.8/site-packages/py_pubsub-0.0.0-py3.8.egg-info' (and everything under it)
Copying ../../../build/py_pubsub/py_pubsub.egg-info to /home/jean-pascal/Turtlebot_GR4_2022/install/py_pubsub/lib/python3.8/site-packages/py_pubsub-0.0.0-py3.8.egg-info
running install_scripts
Installing listener script to /home/jean-pascal/Turtlebot_GR4_2022/install/py_pubsub/lib/py_pubsub
Installing talker script to /home/jean-pascal/Turtlebot_GR4_2022/install/py_pubsub/lib/py_pubsub
writing list of installed files to '/home/jean-pascal/Turtlebot_GR4_2022/build/py_pubsub/install.log'
