[0.831s] Invoking command in '/home/jean-pascal/Turtlebot_GR4_2022/dev_ws/src/py_pubsub': PYTHONPATH=/home/jean-pascal/Turtlebot_GR4_2022/install/py_pubsub/lib/python3.8/site-packages:${PYTHONPATH} /usr/bin/python3 setup.py egg_info --egg-base ../../../build/py_pubsub build --build-base /home/jean-pascal/Turtlebot_GR4_2022/build/py_pubsub/build install --prefix /home/jean-pascal/Turtlebot_GR4_2022/install/py_pubsub --record /home/jean-pascal/Turtlebot_GR4_2022/build/py_pubsub/install.log --single-version-externally-managed
[1.021s] running egg_info
[1.021s] writing ../../../build/py_pubsub/py_pubsub.egg-info/PKG-INFO
[1.021s] writing dependency_links to ../../../build/py_pubsub/py_pubsub.egg-info/dependency_links.txt
[1.022s] writing entry points to ../../../build/py_pubsub/py_pubsub.egg-info/entry_points.txt
[1.022s] writing requirements to ../../../build/py_pubsub/py_pubsub.egg-info/requires.txt
[1.022s] writing top-level names to ../../../build/py_pubsub/py_pubsub.egg-info/top_level.txt
[1.052s] reading manifest file '../../../build/py_pubsub/py_pubsub.egg-info/SOURCES.txt'
[1.053s] writing manifest file '../../../build/py_pubsub/py_pubsub.egg-info/SOURCES.txt'
[1.053s] running build
[1.053s] running build_py
[1.054s] copying py_pubsub/working_on_foxy.py -> /home/jean-pascal/Turtlebot_GR4_2022/build/py_pubsub/build/lib/py_pubsub
[1.054s] copying py_pubsub/main_folow_me.py -> /home/jean-pascal/Turtlebot_GR4_2022/build/py_pubsub/build/lib/py_pubsub
[1.054s] running install
[1.055s] running install_lib
[1.056s] copying /home/jean-pascal/Turtlebot_GR4_2022/build/py_pubsub/build/lib/py_pubsub/working_on_foxy.py -> /home/jean-pascal/Turtlebot_GR4_2022/install/py_pubsub/lib/python3.8/site-packages/py_pubsub
[1.056s] copying /home/jean-pascal/Turtlebot_GR4_2022/build/py_pubsub/build/lib/py_pubsub/main_folow_me.py -> /home/jean-pascal/Turtlebot_GR4_2022/install/py_pubsub/lib/python3.8/site-packages/py_pubsub
[1.056s] byte-compiling /home/jean-pascal/Turtlebot_GR4_2022/install/py_pubsub/lib/python3.8/site-packages/py_pubsub/working_on_foxy.py to working_on_foxy.cpython-38.pyc
[1.059s] byte-compiling /home/jean-pascal/Turtlebot_GR4_2022/install/py_pubsub/lib/python3.8/site-packages/py_pubsub/main_folow_me.py to main_folow_me.cpython-38.pyc
[1.060s] running install_data
[1.060s] running install_egg_info
[1.062s] removing '/home/jean-pascal/Turtlebot_GR4_2022/install/py_pubsub/lib/python3.8/site-packages/py_pubsub-0.0.0-py3.8.egg-info' (and everything under it)
[1.062s] Copying ../../../build/py_pubsub/py_pubsub.egg-info to /home/jean-pascal/Turtlebot_GR4_2022/install/py_pubsub/lib/python3.8/site-packages/py_pubsub-0.0.0-py3.8.egg-info
[1.063s] running install_scripts
[1.078s] Installing listener script to /home/jean-pascal/Turtlebot_GR4_2022/install/py_pubsub/lib/py_pubsub
[1.079s] Installing talker script to /home/jean-pascal/Turtlebot_GR4_2022/install/py_pubsub/lib/py_pubsub
[1.079s] writing list of installed files to '/home/jean-pascal/Turtlebot_GR4_2022/build/py_pubsub/install.log'
[1.105s] Invoked command in '/home/jean-pascal/Turtlebot_GR4_2022/dev_ws/src/py_pubsub' returned '0': PYTHONPATH=/home/jean-pascal/Turtlebot_GR4_2022/install/py_pubsub/lib/python3.8/site-packages:${PYTHONPATH} /usr/bin/python3 setup.py egg_info --egg-base ../../../build/py_pubsub build --build-base /home/jean-pascal/Turtlebot_GR4_2022/build/py_pubsub/build install --prefix /home/jean-pascal/Turtlebot_GR4_2022/install/py_pubsub --record /home/jean-pascal/Turtlebot_GR4_2022/build/py_pubsub/install.log --single-version-externally-managed
