running egg_info
writing ../../build/nav2_simple_commander/nav2_simple_commander.egg-info/PKG-INFO
writing dependency_links to ../../build/nav2_simple_commander/nav2_simple_commander.egg-info/dependency_links.txt
writing entry points to ../../build/nav2_simple_commander/nav2_simple_commander.egg-info/entry_points.txt
writing requirements to ../../build/nav2_simple_commander/nav2_simple_commander.egg-info/requires.txt
writing top-level names to ../../build/nav2_simple_commander/nav2_simple_commander.egg-info/top_level.txt
reading manifest file '../../build/nav2_simple_commander/nav2_simple_commander.egg-info/SOURCES.txt'
writing manifest file '../../build/nav2_simple_commander/nav2_simple_commander.egg-info/SOURCES.txt'
running build
running build_py
copying nav2_simple_commander/working_on_foxy.py -> /home/jean-pascal/Turtlebot_GR4_2022/build/nav2_simple_commander/build/lib/nav2_simple_commander
running install
running install_lib
copying /home/jean-pascal/Turtlebot_GR4_2022/build/nav2_simple_commander/build/lib/nav2_simple_commander/working_on_foxy.py -> /home/jean-pascal/Turtlebot_GR4_2022/install/nav2_simple_commander/lib/python3.8/site-packages/nav2_simple_commander
byte-compiling /home/jean-pascal/Turtlebot_GR4_2022/install/nav2_simple_commander/lib/python3.8/site-packages/nav2_simple_commander/working_on_foxy.py to working_on_foxy.cpython-38.pyc
running install_data
running install_egg_info
removing '/home/jean-pascal/Turtlebot_GR4_2022/install/nav2_simple_commander/lib/python3.8/site-packages/nav2_simple_commander-1.0.0-py3.8.egg-info' (and everything under it)
Copying ../../build/nav2_simple_commander/nav2_simple_commander.egg-info to /home/jean-pascal/Turtlebot_GR4_2022/install/nav2_simple_commander/lib/python3.8/site-packages/nav2_simple_commander-1.0.0-py3.8.egg-info
running install_scripts
Installing demo_inspection script to /home/jean-pascal/Turtlebot_GR4_2022/install/nav2_simple_commander/lib/nav2_simple_commander
Installing demo_picking script to /home/jean-pascal/Turtlebot_GR4_2022/install/nav2_simple_commander/lib/nav2_simple_commander
Installing demo_security script to /home/jean-pascal/Turtlebot_GR4_2022/install/nav2_simple_commander/lib/nav2_simple_commander
Installing example_nav_through_poses script to /home/jean-pascal/Turtlebot_GR4_2022/install/nav2_simple_commander/lib/nav2_simple_commander
Installing example_nav_to_pose script to /home/jean-pascal/Turtlebot_GR4_2022/install/nav2_simple_commander/lib/nav2_simple_commander
Installing example_waypoint_follower script to /home/jean-pascal/Turtlebot_GR4_2022/install/nav2_simple_commander/lib/nav2_simple_commander
Installing working_on_foxy script to /home/jean-pascal/Turtlebot_GR4_2022/install/nav2_simple_commander/lib/nav2_simple_commander
writing list of installed files to '/home/jean-pascal/Turtlebot_GR4_2022/build/nav2_simple_commander/install.log'
