[0.836s] Invoking command in '/home/jean-pascal/Turtlebot_GR4_2022/WIP/foxy_nav2_navigator': PYTHONPATH=/home/jean-pascal/Turtlebot_GR4_2022/install/nav2_simple_commander/lib/python3.8/site-packages:${PYTHONPATH} /usr/bin/python3 setup.py egg_info --egg-base ../../build/nav2_simple_commander build --build-base /home/jean-pascal/Turtlebot_GR4_2022/build/nav2_simple_commander/build install --prefix /home/jean-pascal/Turtlebot_GR4_2022/install/nav2_simple_commander --record /home/jean-pascal/Turtlebot_GR4_2022/build/nav2_simple_commander/install.log --single-version-externally-managed
[1.034s] running egg_info
[1.035s] writing ../../build/nav2_simple_commander/nav2_simple_commander.egg-info/PKG-INFO
[1.035s] writing dependency_links to ../../build/nav2_simple_commander/nav2_simple_commander.egg-info/dependency_links.txt
[1.035s] writing entry points to ../../build/nav2_simple_commander/nav2_simple_commander.egg-info/entry_points.txt
[1.035s] writing requirements to ../../build/nav2_simple_commander/nav2_simple_commander.egg-info/requires.txt
[1.035s] writing top-level names to ../../build/nav2_simple_commander/nav2_simple_commander.egg-info/top_level.txt
[1.066s] reading manifest file '../../build/nav2_simple_commander/nav2_simple_commander.egg-info/SOURCES.txt'
[1.068s] writing manifest file '../../build/nav2_simple_commander/nav2_simple_commander.egg-info/SOURCES.txt'
[1.068s] running build
[1.068s] running build_py
[1.068s] copying nav2_simple_commander/working_on_foxy.py -> /home/jean-pascal/Turtlebot_GR4_2022/build/nav2_simple_commander/build/lib/nav2_simple_commander
[1.068s] running install
[1.069s] running install_lib
[1.070s] copying /home/jean-pascal/Turtlebot_GR4_2022/build/nav2_simple_commander/build/lib/nav2_simple_commander/working_on_foxy.py -> /home/jean-pascal/Turtlebot_GR4_2022/install/nav2_simple_commander/lib/python3.8/site-packages/nav2_simple_commander
[1.071s] byte-compiling /home/jean-pascal/Turtlebot_GR4_2022/install/nav2_simple_commander/lib/python3.8/site-packages/nav2_simple_commander/working_on_foxy.py to working_on_foxy.cpython-38.pyc
[1.074s] running install_data
[1.074s] running install_egg_info
[1.076s] removing '/home/jean-pascal/Turtlebot_GR4_2022/install/nav2_simple_commander/lib/python3.8/site-packages/nav2_simple_commander-1.0.0-py3.8.egg-info' (and everything under it)
[1.076s] Copying ../../build/nav2_simple_commander/nav2_simple_commander.egg-info to /home/jean-pascal/Turtlebot_GR4_2022/install/nav2_simple_commander/lib/python3.8/site-packages/nav2_simple_commander-1.0.0-py3.8.egg-info
[1.077s] running install_scripts
[1.092s] Installing demo_inspection script to /home/jean-pascal/Turtlebot_GR4_2022/install/nav2_simple_commander/lib/nav2_simple_commander
[1.092s] Installing demo_picking script to /home/jean-pascal/Turtlebot_GR4_2022/install/nav2_simple_commander/lib/nav2_simple_commander
[1.093s] Installing demo_security script to /home/jean-pascal/Turtlebot_GR4_2022/install/nav2_simple_commander/lib/nav2_simple_commander
[1.093s] Installing example_nav_through_poses script to /home/jean-pascal/Turtlebot_GR4_2022/install/nav2_simple_commander/lib/nav2_simple_commander
[1.093s] Installing example_nav_to_pose script to /home/jean-pascal/Turtlebot_GR4_2022/install/nav2_simple_commander/lib/nav2_simple_commander
[1.093s] Installing example_waypoint_follower script to /home/jean-pascal/Turtlebot_GR4_2022/install/nav2_simple_commander/lib/nav2_simple_commander
[1.093s] Installing working_on_foxy script to /home/jean-pascal/Turtlebot_GR4_2022/install/nav2_simple_commander/lib/nav2_simple_commander
[1.093s] writing list of installed files to '/home/jean-pascal/Turtlebot_GR4_2022/build/nav2_simple_commander/install.log'
[1.134s] Invoked command in '/home/jean-pascal/Turtlebot_GR4_2022/WIP/foxy_nav2_navigator' returned '0': PYTHONPATH=/home/jean-pascal/Turtlebot_GR4_2022/install/nav2_simple_commander/lib/python3.8/site-packages:${PYTHONPATH} /usr/bin/python3 setup.py egg_info --egg-base ../../build/nav2_simple_commander build --build-base /home/jean-pascal/Turtlebot_GR4_2022/build/nav2_simple_commander/build install --prefix /home/jean-pascal/Turtlebot_GR4_2022/install/nav2_simple_commander --record /home/jean-pascal/Turtlebot_GR4_2022/build/nav2_simple_commander/install.log --single-version-externally-managed
