[0.823s] Invoking command in '/home/jean-pascal/Turtlebot_GR4_2022/dev_ws/src/py_pubsub': PYTHONPATH=/home/jean-pascal/Turtlebot_GR4_2022/install/py_pubsub/lib/python3.8/site-packages:${PYTHONPATH} /usr/bin/python3 setup.py egg_info --egg-base ../../../build/py_pubsub build --build-base /home/jean-pascal/Turtlebot_GR4_2022/build/py_pubsub/build install --prefix /home/jean-pascal/Turtlebot_GR4_2022/install/py_pubsub --record /home/jean-pascal/Turtlebot_GR4_2022/build/py_pubsub/install.log --single-version-externally-managed
[1.022s] running egg_info
[1.023s] creating ../../../build/py_pubsub/py_pubsub.egg-info
[1.023s] writing ../../../build/py_pubsub/py_pubsub.egg-info/PKG-INFO
[1.023s] writing dependency_links to ../../../build/py_pubsub/py_pubsub.egg-info/dependency_links.txt
[1.023s] writing entry points to ../../../build/py_pubsub/py_pubsub.egg-info/entry_points.txt
[1.023s] writing requirements to ../../../build/py_pubsub/py_pubsub.egg-info/requires.txt
[1.024s] writing top-level names to ../../../build/py_pubsub/py_pubsub.egg-info/top_level.txt
[1.025s] writing manifest file '../../../build/py_pubsub/py_pubsub.egg-info/SOURCES.txt'
[1.055s] reading manifest file '../../../build/py_pubsub/py_pubsub.egg-info/SOURCES.txt'
[1.056s] writing manifest file '../../../build/py_pubsub/py_pubsub.egg-info/SOURCES.txt'
[1.057s] running build
[1.057s] running build_py
[1.057s] creating /home/jean-pascal/Turtlebot_GR4_2022/build/py_pubsub/build
[1.057s] creating /home/jean-pascal/Turtlebot_GR4_2022/build/py_pubsub/build/lib
[1.057s] creating /home/jean-pascal/Turtlebot_GR4_2022/build/py_pubsub/build/lib/py_pubsub
[1.057s] copying py_pubsub/__init__.py -> /home/jean-pascal/Turtlebot_GR4_2022/build/py_pubsub/build/lib/py_pubsub
[1.057s] copying py_pubsub/main_sub_laser_read.py -> /home/jean-pascal/Turtlebot_GR4_2022/build/py_pubsub/build/lib/py_pubsub
[1.058s] copying py_pubsub/publisher_member_function.py -> /home/jean-pascal/Turtlebot_GR4_2022/build/py_pubsub/build/lib/py_pubsub
[1.058s] running install
[1.058s] running install_lib
[1.058s] creating /home/jean-pascal/Turtlebot_GR4_2022/install/py_pubsub/lib/python3.8/site-packages/py_pubsub
[1.058s] copying /home/jean-pascal/Turtlebot_GR4_2022/build/py_pubsub/build/lib/py_pubsub/__init__.py -> /home/jean-pascal/Turtlebot_GR4_2022/install/py_pubsub/lib/python3.8/site-packages/py_pubsub
[1.059s] copying /home/jean-pascal/Turtlebot_GR4_2022/build/py_pubsub/build/lib/py_pubsub/main_sub_laser_read.py -> /home/jean-pascal/Turtlebot_GR4_2022/install/py_pubsub/lib/python3.8/site-packages/py_pubsub
[1.059s] copying /home/jean-pascal/Turtlebot_GR4_2022/build/py_pubsub/build/lib/py_pubsub/publisher_member_function.py -> /home/jean-pascal/Turtlebot_GR4_2022/install/py_pubsub/lib/python3.8/site-packages/py_pubsub
[1.059s] byte-compiling /home/jean-pascal/Turtlebot_GR4_2022/install/py_pubsub/lib/python3.8/site-packages/py_pubsub/__init__.py to __init__.cpython-38.pyc
[1.060s] byte-compiling /home/jean-pascal/Turtlebot_GR4_2022/install/py_pubsub/lib/python3.8/site-packages/py_pubsub/main_sub_laser_read.py to main_sub_laser_read.cpython-38.pyc
[1.061s] byte-compiling /home/jean-pascal/Turtlebot_GR4_2022/install/py_pubsub/lib/python3.8/site-packages/py_pubsub/publisher_member_function.py to publisher_member_function.cpython-38.pyc
[1.061s] running install_data
[1.061s] creating /home/jean-pascal/Turtlebot_GR4_2022/install/py_pubsub/share/ament_index
[1.062s] creating /home/jean-pascal/Turtlebot_GR4_2022/install/py_pubsub/share/ament_index/resource_index
[1.062s] creating /home/jean-pascal/Turtlebot_GR4_2022/install/py_pubsub/share/ament_index/resource_index/packages
[1.062s] copying resource/py_pubsub -> /home/jean-pascal/Turtlebot_GR4_2022/install/py_pubsub/share/ament_index/resource_index/packages
[1.062s] copying package.xml -> /home/jean-pascal/Turtlebot_GR4_2022/install/py_pubsub/share/py_pubsub
[1.062s] running install_egg_info
[1.063s] Copying ../../../build/py_pubsub/py_pubsub.egg-info to /home/jean-pascal/Turtlebot_GR4_2022/install/py_pubsub/lib/python3.8/site-packages/py_pubsub-0.0.0-py3.8.egg-info
[1.064s] running install_scripts
[1.079s] Installing listener script to /home/jean-pascal/Turtlebot_GR4_2022/install/py_pubsub/lib/py_pubsub
[1.079s] Installing talker script to /home/jean-pascal/Turtlebot_GR4_2022/install/py_pubsub/lib/py_pubsub
[1.079s] writing list of installed files to '/home/jean-pascal/Turtlebot_GR4_2022/build/py_pubsub/install.log'
[1.103s] Invoked command in '/home/jean-pascal/Turtlebot_GR4_2022/dev_ws/src/py_pubsub' returned '0': PYTHONPATH=/home/jean-pascal/Turtlebot_GR4_2022/install/py_pubsub/lib/python3.8/site-packages:${PYTHONPATH} /usr/bin/python3 setup.py egg_info --egg-base ../../../build/py_pubsub build --build-base /home/jean-pascal/Turtlebot_GR4_2022/build/py_pubsub/build install --prefix /home/jean-pascal/Turtlebot_GR4_2022/install/py_pubsub --record /home/jean-pascal/Turtlebot_GR4_2022/build/py_pubsub/install.log --single-version-externally-managed
